<?xml version="1.0" encoding="UTF-8"?>
<!-- Generated by org.testng.reporters.JUnitReportReporter -->
<testsuite skipped="0" hostname="Mayank-PC" name="testNGTut.day1" tests="2" failures="0" timestamp="05 Apr 2019 15:56:26 GMT" time="0.005" errors="0">
  <testcase name="afclass" time="0.003" classname="testNGTut.day1"/>
  <testcase name="test3" time="0.002" classname="testNGTut.day1"/>
</testsuite> <!-- testNGTut.day1 -->
