<?xml version="1.0" encoding="UTF-8"?>
<!-- Generated by org.testng.reporters.JUnitReportReporter -->
<testsuite skipped="0" hostname="Mayank-PC" name="testNGTut.day2" tests="4" failures="0" timestamp="06 Apr 2019 19:05:07 GMT" time="0.016" errors="0">
  <testcase name="afclass" time="0.003" classname="testNGTut.day2"/>
  <testcase name="af" time="0.010" classname="testNGTut.day2"/>
  <testcase name="test2" time="0.003" classname="testNGTut.day2"/>
  <testcase name="test3" time="0.000" classname="testNGTut.day2"/>
</testsuite> <!-- testNGTut.day2 -->
