<?xml version="1.0" encoding="UTF-8"?>
<!-- Generated by org.testng.reporters.JUnitReportReporter -->
<testsuite hostname="Mayank-PC" failures="0" tests="3" name="testNGTut.ClassA" time="0.020" errors="0" timestamp="15 Dec 2018 19:49:10 GMT" skipped="0">
  <testcase classname="testNGTut.ClassA" name="test1" time="0.016"/>
  <testcase classname="testNGTut.ClassA" name="test3" time="0.003"/>
  <testcase classname="testNGTut.ClassA" name="test2" time="0.001"/>
</testsuite> <!-- testNGTut.ClassA -->
