<?xml version="1.0" encoding="UTF-8"?>
<!-- Generated by org.testng.reporters.JUnitReportReporter -->
<testsuite hostname="Mayank-PC" failures="0" tests="3" name="testNGTut.ClassA" time="0.047" errors="0" timestamp="14 Dec 2018 19:42:02 GMT" skipped="0">
  <testcase classname="testNGTut.ClassA" name="test1" time="0.044"/>
  <testcase classname="testNGTut.ClassA" name="test3" time="0.002"/>
  <testcase classname="testNGTut.ClassA" name="test2" time="0.001"/>
</testsuite> <!-- testNGTut.ClassA -->
