<?xml version="1.0" encoding="UTF-8"?>
<!-- Generated by org.testng.reporters.JUnitReportReporter -->
<testsuite skipped="0" hostname="Mayank-PC" name="TestNGClass.ReadExcelFile" tests="1" failures="0" timestamp="14 Apr 2019 12:44:50 GMT" time="0.301" errors="0">
  <testcase name="abc" time="0.301" classname="TestNGClass.ReadExcelFile"/>
</testsuite> <!-- TestNGClass.ReadExcelFile -->
