<?xml version="1.0" encoding="UTF-8"?>
<!-- Generated by org.testng.reporters.JUnitReportReporter -->
<testsuite hostname="Mayank-PC" failures="0" tests="3" name="testNGTut.ClassA" time="0.014" errors="0" timestamp="17 Dec 2018 17:26:15 GMT" skipped="0">
  <testcase classname="testNGTut.ClassA" name="test3" time="0.003"/>
  <testcase classname="testNGTut.ClassA" name="test2" time="0.002"/>
  <testcase classname="testNGTut.ClassA" name="test1" time="0.009"/>
</testsuite> <!-- testNGTut.ClassA -->
