<?xml version="1.0" encoding="UTF-8"?>
<!-- Generated by org.testng.reporters.JUnitReportReporter -->
<testsuite hostname="Mayank-PC" failures="0" tests="1" name="TestNGClass.SampleTest" time="14.814" errors="0" timestamp="15 Dec 2018 19:49:36 GMT" skipped="0">
  <testcase classname="TestNGClass.SampleTest" name="VerifyTitle" time="14.814"/>
</testsuite> <!-- TestNGClass.SampleTest -->
