<?xml version="1.0" encoding="UTF-8"?>
<!-- Generated by org.testng.reporters.JUnitReportReporter -->
<testsuite skipped="0" hostname="Mayank-PC" name="testNGTut.ClassA" tests="6" failures="0" timestamp="30 Mar 2019 11:38:34 GMT" time="0.011" errors="0">
  <testcase name="test2" time="0.002" classname="testNGTut.ClassA"/>
  <testcase name="test1" time="0.005" classname="testNGTut.ClassA"/>
  <testcase name="test3" time="0.001" classname="testNGTut.ClassA"/>
  <testcase name="test1" time="0.001" classname="testNGTut.ClassA"/>
  <testcase name="test2" time="0.001" classname="testNGTut.ClassA"/>
  <testcase name="test3" time="0.001" classname="testNGTut.ClassA"/>
</testsuite> <!-- testNGTut.ClassA -->
